<?xml version="1.0" encoding="UTF-8"?>
<!-- Generated by org.testng.reporters.JUnitReportReporter -->
<testsuite skipped="0" hostname="Maitrey_Patel" name="maitreyproject.RestAPITest" tests="2" failures="0" timestamp="2020-03-30T20:40:34 EDT" time="0.001" errors="0">
  <testcase name="deleteTwitter" time="0.001" classname="maitreyproject.RestAPITest"/>
  <system-out/>
  <testcase name="postJira" time="0.000" classname="maitreyproject.RestAPITest"/>
  <system-out/>
</testsuite> <!-- maitreyproject.RestAPITest -->
