<?xml version="1.0" encoding="UTF-8"?>
<!-- Generated by org.testng.reporters.JUnitReportReporter -->
<testsuite skipped="0" hostname="Maitrey_Patel" name="maitreyproject.AppiumTest" tests="2" failures="0" timestamp="2020-03-30T20:40:48 EDT" time="0.001" errors="0">
  <testcase name="iosApps" time="0.000" classname="maitreyproject.AppiumTest"/>
  <system-out/>
  <testcase name="nativeappAndroid" time="0.001" classname="maitreyproject.AppiumTest"/>
  <system-out/>
</testsuite> <!-- maitreyproject.AppiumTest -->
