<?xml version="1.0" encoding="UTF-8"?>
<!-- Generated by org.testng.reporters.JUnitReportReporter -->
<testsuite skipped="0" hostname="Maitrey_Patel" name="maitreyproject.SeleniumTest" tests="2" failures="0" timestamp="2020-03-30T20:40:48 EDT" time="0.007" errors="0">
  <testcase name="browserAutomation" time="0.006" classname="maitreyproject.SeleniumTest"/>
  <system-out/>
  <testcase name="elementUi" time="0.001" classname="maitreyproject.SeleniumTest"/>
  <system-out/>
</testsuite> <!-- maitreyproject.SeleniumTest -->
